mode: set
tinyurl_api/controller/shortenUrlController.go:16.86,19.2 1 1
tinyurl_api/controller/shortenUrlController.go:21.67,24.28 3 1
tinyurl_api/controller/shortenUrlController.go:29.2,29.35 1 1
tinyurl_api/controller/shortenUrlController.go:24.28,27.3 2 1
tinyurl_api/utility/utility.go:20.116,25.16 5 1
tinyurl_api/utility/utility.go:29.2,31.41 3 1
tinyurl_api/utility/utility.go:35.2,36.39 2 1
tinyurl_api/utility/utility.go:42.2,42.21 1 1
tinyurl_api/utility/utility.go:25.16,28.3 2 1
tinyurl_api/utility/utility.go:31.41,34.3 2 1
tinyurl_api/utility/utility.go:36.39,40.3 2 1
tinyurl_api/utility/utility.go:45.37,48.16 3 1
tinyurl_api/utility/utility.go:52.2,54.21 3 1
tinyurl_api/utility/utility.go:58.2,58.38 1 1
tinyurl_api/utility/utility.go:62.2,62.12 1 1
tinyurl_api/utility/utility.go:48.16,51.3 2 1
tinyurl_api/utility/utility.go:54.21,57.3 2 1
tinyurl_api/utility/utility.go:58.38,61.3 2 0
tinyurl_api/service/shortenUrlService.go:19.47,21.2 1 1
tinyurl_api/service/shortenUrlService.go:23.94,27.28 4 1
tinyurl_api/service/shortenUrlService.go:30.2,32.24 2 1
tinyurl_api/service/shortenUrlService.go:35.2,36.16 2 1
tinyurl_api/service/shortenUrlService.go:39.2,40.103 2 1
tinyurl_api/service/shortenUrlService.go:27.28,29.3 1 1
tinyurl_api/service/shortenUrlService.go:32.24,34.3 1 1
tinyurl_api/service/shortenUrlService.go:36.16,38.3 1 0
tinyurl_api/repository/repo.go:9.71,12.20 3 1
tinyurl_api/repository/repo.go:16.2,18.21 3 1
tinyurl_api/repository/repo.go:22.2,22.12 1 1
tinyurl_api/repository/repo.go:12.20,15.3 2 1
tinyurl_api/repository/repo.go:18.21,21.3 2 0
